08/28/20 2:50:08: index.scss - unclosed block: failed at `` /var/www/vhosts/buyfashion.direct/httpdocs/wp-content/themes/porto-child/scss/_md.scss on line 801
12/16/21 7:07:01: index.scss - parse error: failed at `*/` /var/www/vhosts/kaniti.online/httpdocs/wp-content/themes/porto-child/scss/_serg.scss on line 77, at column 2
12/24/21 11:01:28: index.scss - parse error: failed at `.` /var/www/vhosts/kaniti.online/httpdocs/wp-content/themes/porto-child/scss/_serg.scss on line 367, at column 1
12/24/21 11:20:27: index.scss - Undefined mixin laptop: _serg.scss on line 373, at column 3
Call Stack:
#0 import _serg.scss index.scss on line 44
12/24/21 11:20:33: index.scss - Undefined mixin laptop: _serg.scss on line 373, at column 3
Call Stack:
#0 import _serg.scss index.scss on line 44
12/24/21 11:20:44: index.scss - Undefined mixin laptop: _serg.scss on line 373, at column 3
Call Stack:
#0 import _serg.scss index.scss on line 44
01/07/22 9:41:53: index.scss - parse error: failed at `html[lang="iw"] .home .intro-section .intro-carusel .jazz-intro-banner-2` /var/www/vhosts/kaniti.online/httpdocs/wp-content/themes/porto-child/scss/_serg.scss on line 846, at column 1
01/07/22 9:42:46: index.scss - parse error: failed at `html[lang="iw"] .home .intro-section .intro-carusel .jazz-intro-banner-2` /var/www/vhosts/kaniti.online/httpdocs/wp-content/themes/porto-child/scss/_serg.scss on line 846, at column 1
01/07/22 9:42:48: index.scss - parse error: failed at `html[lang="iw"] .home .intro-section .intro-carusel .jazz-intro-banner-2` /var/www/vhosts/kaniti.online/httpdocs/wp-content/themes/porto-child/scss/_serg.scss on line 846, at column 1
01/07/22 9:43:03: index.scss - parse error: failed at `html[lang="iw"] .home .intro-section .intro-carusel .jazz-intro-banner-2` /var/www/vhosts/kaniti.online/httpdocs/wp-content/themes/porto-child/scss/_serg.scss on line 846, at column 1
01/07/22 9:43:24: index.scss - parse error: failed at `html[lang="iw"] .home .intro-section .intro-carusel .jazz-intro-banner-2` /var/www/vhosts/kaniti.online/httpdocs/wp-content/themes/porto-child/scss/_serg.scss on line 846, at column 1
01/07/22 9:44:20: index.scss - parse error: failed at `html[lang="iw"] .home .intro-section .intro-carusel .jazz-intro-banner-2` /var/www/vhosts/kaniti.online/httpdocs/wp-content/themes/porto-child/scss/_serg.scss on line 846, at column 1
01/07/22 9:44:45: index.scss - parse error: failed at `html[lang="iw"] .home .intro-section .intro-carusel .jazz-intro-banner-2` /var/www/vhosts/kaniti.online/httpdocs/wp-content/themes/porto-child/scss/_serg.scss on line 846, at column 1
01/07/22 9:44:47: index.scss - parse error: failed at `html[lang="iw"] .home .intro-section .intro-carusel .jazz-intro-banner-2` /var/www/vhosts/kaniti.online/httpdocs/wp-content/themes/porto-child/scss/_serg.scss on line 846, at column 1
01/07/22 9:46:02: index.scss - parse error: failed at `html[lang="iw"] .home .intro-section .intro-carusel .jazz-intro-banner-2` /var/www/vhosts/kaniti.online/httpdocs/wp-content/themes/porto-child/scss/_serg.scss on line 846, at column 1
01/07/22 9:46:12: index.scss - parse error: failed at `html[lang="iw"] .home .intro-section .intro-carusel .jazz-intro-banner-2` /var/www/vhosts/kaniti.online/httpdocs/wp-content/themes/porto-child/scss/_serg.scss on line 846, at column 1
01/07/22 9:46:16: index.scss - parse error: failed at `html[lang="iw"] .home .intro-section .intro-carusel .jazz-intro-banner-2` /var/www/vhosts/kaniti.online/httpdocs/wp-content/themes/porto-child/scss/_serg.scss on line 846, at column 1
01/07/22 9:46:23: index.scss - parse error: failed at `html[lang="iw"] .home .intro-section .intro-carusel .jazz-intro-banner-2` /var/www/vhosts/kaniti.online/httpdocs/wp-content/themes/porto-child/scss/_serg.scss on line 846, at column 1
01/07/22 9:46:26: index.scss - parse error: failed at `html[lang="iw"] .home .intro-section .intro-carusel .jazz-intro-banner-2` /var/www/vhosts/kaniti.online/httpdocs/wp-content/themes/porto-child/scss/_serg.scss on line 846, at column 1
01/07/22 9:46:41: index.scss - parse error: failed at `html[lang="iw"] .home .intro-section .intro-carusel .jazz-intro-banner-2` /var/www/vhosts/kaniti.online/httpdocs/wp-content/themes/porto-child/scss/_serg.scss on line 846, at column 1
01/07/22 9:46:47: index.scss - parse error: failed at `html[lang="iw"] .home .intro-section .intro-carusel .jazz-intro-banner-2` /var/www/vhosts/kaniti.online/httpdocs/wp-content/themes/porto-child/scss/_serg.scss on line 846, at column 1
01/07/22 9:47:03: index.scss - parse error: failed at `html[lang="iw"] .home .intro-section .intro-carusel .jazz-intro-banner-2` /var/www/vhosts/kaniti.online/httpdocs/wp-content/themes/porto-child/scss/_serg.scss on line 846, at column 1
01/07/22 9:47:18: index.scss - parse error: failed at `html[lang="iw"] .home .intro-section .intro-carusel .jazz-intro-banner-2` /var/www/vhosts/kaniti.online/httpdocs/wp-content/themes/porto-child/scss/_serg.scss on line 846, at column 1
01/07/22 9:47:31: index.scss - parse error: failed at `html[lang="iw"] .home .intro-section .intro-carusel .jazz-intro-banner-2` /var/www/vhosts/kaniti.online/httpdocs/wp-content/themes/porto-child/scss/_serg.scss on line 846, at column 1
01/07/22 10:57:48: index.scss - parse error: failed at `border-top-right-radius:;` /var/www/vhosts/kaniti.online/httpdocs/wp-content/themes/porto-child/scss/_serg.scss on line 899, at column 3
01/11/22 12:04:31: index.scss - unexpected }: failed at `` /var/www/vhosts/kaniti.online/httpdocs/wp-content/themes/porto-child/scss/_serg.scss on line 902, at column 2
01/11/22 12:04:32: index.scss - unexpected }: failed at `` /var/www/vhosts/kaniti.online/httpdocs/wp-content/themes/porto-child/scss/_serg.scss on line 902, at column 2
01/11/22 12:04:54: index.scss - unexpected }: failed at `` /var/www/vhosts/kaniti.online/httpdocs/wp-content/themes/porto-child/scss/_serg.scss on line 902, at column 2
01/11/22 12:05:20: index.scss - unexpected }: failed at `` /var/www/vhosts/kaniti.online/httpdocs/wp-content/themes/porto-child/scss/_serg.scss on line 902, at column 2
01/11/22 12:06:14: index.scss - unexpected }: failed at `` /var/www/vhosts/kaniti.online/httpdocs/wp-content/themes/porto-child/scss/_serg.scss on line 902, at column 2
01/11/22 12:06:32: index.scss - unexpected }: failed at `` /var/www/vhosts/kaniti.online/httpdocs/wp-content/themes/porto-child/scss/_serg.scss on line 902, at column 2
01/11/22 12:06:38: index.scss - unexpected }: failed at `` /var/www/vhosts/kaniti.online/httpdocs/wp-content/themes/porto-child/scss/_serg.scss on line 902, at column 2
01/11/22 4:26:30: index.scss - parse error: failed at `*/` /var/www/vhosts/kaniti.online/httpdocs/wp-content/themes/porto-child/scss/_serg.scss on line 1237, at column 2
01/11/22 4:26:32: index.scss - parse error: failed at `*/` /var/www/vhosts/kaniti.online/httpdocs/wp-content/themes/porto-child/scss/_serg.scss on line 1237, at column 2
01/21/22 8:04:35: index.scss - parse error: failed at `.jazz-mini-col-banner-2` /var/www/vhosts/toyoya.store/httpdocs/wp-content/themes/porto-child/scss/_serg.scss on line 1432, at column 1
01/21/22 8:05:21: index.scss - parse error: failed at `.jazz-mini-col-banner-2` /var/www/vhosts/toyoya.store/httpdocs/wp-content/themes/porto-child/scss/_serg.scss on line 1432, at column 1
01/25/22 6:59:33: index.scss - parse error: failed at `*/` /var/www/vhosts/toyoya.store/httpdocs/wp-content/themes/porto-child/scss/_serg.scss on line 1432, at column 1
01/25/22 6:59:59: index.scss - parse error: failed at `*/` /var/www/vhosts/toyoya.store/httpdocs/wp-content/themes/porto-child/scss/_serg.scss on line 1432, at column 1
01/25/22 7:00:41: index.scss - parse error: failed at `*/` /var/www/vhosts/toyoya.store/httpdocs/wp-content/themes/porto-child/scss/_serg.scss on line 1432, at column 1
01/25/22 7:01:09: index.scss - parse error: failed at `*/` /var/www/vhosts/toyoya.store/httpdocs/wp-content/themes/porto-child/scss/_serg.scss on line 1432, at column 1
01/25/22 7:01:16: index.scss - parse error: failed at `*/` /var/www/vhosts/toyoya.store/httpdocs/wp-content/themes/porto-child/scss/_serg.scss on line 1432, at column 1
01/25/22 7:01:33: index.scss - parse error: failed at `*/` /var/www/vhosts/toyoya.store/httpdocs/wp-content/themes/porto-child/scss/_serg.scss on line 1432, at column 1
02/11/22 11:35:41: index.scss - parse error: failed at `*/` /var/www/vhosts/toyoya.store/httpdocs/wp-content/themes/porto-child/scss/_serg.scss on line 1754, at column 2
02/22/22 10:54:41: index.scss - unclosed block: failed at `` /var/www/vhosts/toyoya.store/httpdocs/wp-content/themes/porto-child/scss/_serg.scss on line 2072, at column 0
02/22/22 10:54:56: index.scss - unclosed block: failed at `` /var/www/vhosts/toyoya.store/httpdocs/wp-content/themes/porto-child/scss/_serg.scss on line 2072, at column 0
02/22/22 10:55:06: index.scss - unclosed block: failed at `` /var/www/vhosts/toyoya.store/httpdocs/wp-content/themes/porto-child/scss/_serg.scss on line 2072, at column 0
02/22/22 10:55:10: index.scss - unclosed block: failed at `` /var/www/vhosts/toyoya.store/httpdocs/wp-content/themes/porto-child/scss/_serg.scss on line 2072, at column 0
02/22/22 10:55:11: index.scss - unclosed block: failed at `` /var/www/vhosts/toyoya.store/httpdocs/wp-content/themes/porto-child/scss/_serg.scss on line 2072, at column 0
02/22/22 10:55:11: index.scss - unclosed block: failed at `` /var/www/vhosts/toyoya.store/httpdocs/wp-content/themes/porto-child/scss/_serg.scss on line 2072, at column 0
02/22/22 10:55:11: index.scss - unclosed block: failed at `` /var/www/vhosts/toyoya.store/httpdocs/wp-content/themes/porto-child/scss/_serg.scss on line 2072, at column 0
02/22/22 10:55:11: index.scss - unclosed block: failed at `` /var/www/vhosts/toyoya.store/httpdocs/wp-content/themes/porto-child/scss/_serg.scss on line 2072, at column 0
02/22/22 10:55:11: index.scss - unclosed block: failed at `` /var/www/vhosts/toyoya.store/httpdocs/wp-content/themes/porto-child/scss/_serg.scss on line 2072, at column 0
02/22/22 10:55:11: index.scss - unclosed block: failed at `` /var/www/vhosts/toyoya.store/httpdocs/wp-content/themes/porto-child/scss/_serg.scss on line 2072, at column 0
02/22/22 10:55:12: index.scss - unclosed block: failed at `` /var/www/vhosts/toyoya.store/httpdocs/wp-content/themes/porto-child/scss/_serg.scss on line 2072, at column 0
02/22/22 10:55:12: index.scss - unclosed block: failed at `` /var/www/vhosts/toyoya.store/httpdocs/wp-content/themes/porto-child/scss/_serg.scss on line 2072, at column 0
02/22/22 10:55:14: index.scss - unclosed block: failed at `` /var/www/vhosts/toyoya.store/httpdocs/wp-content/themes/porto-child/scss/_serg.scss on line 2072, at column 0
02/22/22 10:55:14: index.scss - unclosed block: failed at `` /var/www/vhosts/toyoya.store/httpdocs/wp-content/themes/porto-child/scss/_serg.scss on line 2072, at column 0
02/22/22 10:55:14: index.scss - unclosed block: failed at `` /var/www/vhosts/toyoya.store/httpdocs/wp-content/themes/porto-child/scss/_serg.scss on line 2072, at column 0
02/22/22 10:55:14: index.scss - unclosed block: failed at `` /var/www/vhosts/toyoya.store/httpdocs/wp-content/themes/porto-child/scss/_serg.scss on line 2072, at column 0
02/22/22 10:55:14: index.scss - unclosed block: failed at `` /var/www/vhosts/toyoya.store/httpdocs/wp-content/themes/porto-child/scss/_serg.scss on line 2072, at column 0
02/22/22 10:55:15: index.scss - unclosed block: failed at `` /var/www/vhosts/toyoya.store/httpdocs/wp-content/themes/porto-child/scss/_serg.scss on line 2072, at column 0
02/22/22 10:55:15: index.scss - unclosed block: failed at `` /var/www/vhosts/toyoya.store/httpdocs/wp-content/themes/porto-child/scss/_serg.scss on line 2072, at column 0
02/22/22 10:55:17: index.scss - unclosed block: failed at `` /var/www/vhosts/toyoya.store/httpdocs/wp-content/themes/porto-child/scss/_serg.scss on line 2072, at column 0
02/22/22 10:55:24: index.scss - unclosed block: failed at `` /var/www/vhosts/toyoya.store/httpdocs/wp-content/themes/porto-child/scss/_serg.scss on line 2072, at column 0
02/22/22 10:55:26: index.scss - unclosed block: failed at `` /var/www/vhosts/toyoya.store/httpdocs/wp-content/themes/porto-child/scss/_serg.scss on line 2072, at column 0
02/22/22 10:55:31: index.scss - unclosed block: failed at `` /var/www/vhosts/toyoya.store/httpdocs/wp-content/themes/porto-child/scss/_serg.scss on line 2072, at column 0
02/22/22 10:55:31: index.scss - unclosed block: failed at `` /var/www/vhosts/toyoya.store/httpdocs/wp-content/themes/porto-child/scss/_serg.scss on line 2072, at column 0
02/22/22 10:55:33: index.scss - unclosed block: failed at `` /var/www/vhosts/toyoya.store/httpdocs/wp-content/themes/porto-child/scss/_serg.scss on line 2072, at column 0
02/22/22 10:55:47: index.scss - unclosed block: failed at `` /var/www/vhosts/toyoya.store/httpdocs/wp-content/themes/porto-child/scss/_serg.scss on line 2072, at column 0
02/22/22 10:55:48: index.scss - unclosed block: failed at `` /var/www/vhosts/toyoya.store/httpdocs/wp-content/themes/porto-child/scss/_serg.scss on line 2072, at column 0
02/22/22 10:56:16: index.scss - unclosed block: failed at `` /var/www/vhosts/toyoya.store/httpdocs/wp-content/themes/porto-child/scss/_serg.scss on line 2072, at column 0
02/22/22 10:56:19: index.scss - unclosed block: failed at `` /var/www/vhosts/toyoya.store/httpdocs/wp-content/themes/porto-child/scss/_serg.scss on line 2072, at column 0
02/22/22 10:56:46: index.scss - unclosed block: failed at `` /var/www/vhosts/toyoya.store/httpdocs/wp-content/themes/porto-child/scss/_serg.scss on line 2072, at column 0
02/22/22 10:56:51: index.scss - unclosed block: failed at `` /var/www/vhosts/toyoya.store/httpdocs/wp-content/themes/porto-child/scss/_serg.scss on line 2072, at column 0
02/22/22 10:57:01: index.scss - unclosed block: failed at `` /var/www/vhosts/toyoya.store/httpdocs/wp-content/themes/porto-child/scss/_serg.scss on line 2072, at column 0
02/22/22 10:57:50: index.scss - unclosed block: failed at `` /var/www/vhosts/toyoya.store/httpdocs/wp-content/themes/porto-child/scss/_serg.scss on line 2072, at column 0
02/22/22 10:57:50: index.scss - unclosed block: failed at `` /var/www/vhosts/toyoya.store/httpdocs/wp-content/themes/porto-child/scss/_serg.scss on line 2072, at column 0
02/22/22 10:57:53: index.scss - unclosed block: failed at `` /var/www/vhosts/toyoya.store/httpdocs/wp-content/themes/porto-child/scss/_serg.scss on line 2072, at column 0
02/22/22 10:58:06: index.scss - unclosed block: failed at `` /var/www/vhosts/toyoya.store/httpdocs/wp-content/themes/porto-child/scss/_serg.scss on line 2072, at column 0
02/22/22 10:59:21: index.scss - unclosed block: failed at `` /var/www/vhosts/toyoya.store/httpdocs/wp-content/themes/porto-child/scss/_serg.scss on line 2072, at column 0
02/22/22 10:59:51: index.scss - unclosed block: failed at `` /var/www/vhosts/toyoya.store/httpdocs/wp-content/themes/porto-child/scss/_serg.scss on line 2072, at column 0
02/22/22 10:59:54: index.scss - unclosed block: failed at `` /var/www/vhosts/toyoya.store/httpdocs/wp-content/themes/porto-child/scss/_serg.scss on line 2072, at column 0
02/22/22 11:00:08: index.scss - unclosed block: failed at `` /var/www/vhosts/toyoya.store/httpdocs/wp-content/themes/porto-child/scss/_serg.scss on line 2072, at column 0
02/22/22 11:01:00: index.scss - unclosed block: failed at `` /var/www/vhosts/toyoya.store/httpdocs/wp-content/themes/porto-child/scss/_serg.scss on line 2072, at column 0
02/22/22 11:01:51: index.scss - unclosed block: failed at `` /var/www/vhosts/toyoya.store/httpdocs/wp-content/themes/porto-child/scss/_serg.scss on line 2072, at column 0
02/22/22 11:02:07: index.scss - unclosed block: failed at `` /var/www/vhosts/toyoya.store/httpdocs/wp-content/themes/porto-child/scss/_serg.scss on line 2072, at column 0
02/22/22 11:02:10: index.scss - unclosed block: failed at `` /var/www/vhosts/toyoya.store/httpdocs/wp-content/themes/porto-child/scss/_serg.scss on line 2072, at column 0
02/22/22 11:03:52: index.scss - unclosed block: failed at `` /var/www/vhosts/toyoya.store/httpdocs/wp-content/themes/porto-child/scss/_serg.scss on line 2072, at column 0
02/22/22 11:04:07: index.scss - unclosed block: failed at `` /var/www/vhosts/toyoya.store/httpdocs/wp-content/themes/porto-child/scss/_serg.scss on line 2072, at column 0
02/22/22 11:04:33: index.scss - unclosed block: failed at `` /var/www/vhosts/toyoya.store/httpdocs/wp-content/themes/porto-child/scss/_serg.scss on line 2072, at column 0
02/22/22 11:05:53: index.scss - unclosed block: failed at `` /var/www/vhosts/toyoya.store/httpdocs/wp-content/themes/porto-child/scss/_serg.scss on line 2072, at column 0
02/22/22 11:06:10: index.scss - unclosed block: failed at `` /var/www/vhosts/toyoya.store/httpdocs/wp-content/themes/porto-child/scss/_serg.scss on line 2072, at column 0
02/22/22 11:08:07: index.scss - unclosed block: failed at `` /var/www/vhosts/toyoya.store/httpdocs/wp-content/themes/porto-child/scss/_serg.scss on line 2072, at column 0
02/22/22 11:09:59: index.scss - unclosed block: failed at `` /var/www/vhosts/toyoya.store/httpdocs/wp-content/themes/porto-child/scss/_serg.scss on line 2072, at column 0
02/22/22 11:10:59: index.scss - unclosed block: failed at `` /var/www/vhosts/toyoya.store/httpdocs/wp-content/themes/porto-child/scss/_serg.scss on line 2072, at column 0
02/24/22 4:52:14: index.scss - parse error: failed at `@media screen and` /var/www/vhosts/toyoya.store/httpdocs/wp-content/themes/porto-child/scss/_serg.scss on line 1576, at column 3
